05/08/2021 20:14:09  INFO [thread_1] ThreadOne: Khong co ban ghi nao trong queue
05/08/2021 20:14:09  INFO [Thread-0] ThreadTwo: List student have 21 student in student.txt
05/08/2021 20:14:09  INFO [Thread-0] ThreadTwo: List student have 3 student in database
05/08/2021 20:14:12  INFO [thread_1] ThreadOne: Khong co ban ghi nao trong queue
05/08/2021 20:14:12  INFO [Thread-0] ThreadTwo: List student have 21 student in student.txt
05/08/2021 20:14:13  INFO [Thread-0] ThreadTwo: List student have 3 student in database
05/08/2021 20:14:15  INFO [thread_1] ThreadOne: Khong co ban ghi nao trong queue
05/08/2021 20:14:16  INFO [Thread-0] ThreadTwo: List student have 21 student in student.txt
05/08/2021 20:14:16  INFO [Thread-0] ThreadTwo: List student have 3 student in database
05/08/2021 20:14:18  INFO [thread_1] ThreadOne: Khong co ban ghi nao trong queue
05/08/2021 20:14:19  INFO [Thread-0] ThreadTwo: List student have 21 student in student.txt
05/08/2021 20:14:19  INFO [Thread-0] ThreadTwo: List student have 3 student in database
05/08/2021 20:14:21  INFO [thread_1] ThreadOne: Khong co ban ghi nao trong queue
05/08/2021 20:14:22  INFO [Thread-0] ThreadTwo: List student have 21 student in student.txt
05/08/2021 20:14:22  INFO [Thread-0] ThreadTwo: List student have 3 student in database
05/08/2021 20:14:24  INFO [thread_1] ThreadOne: Khong co ban ghi nao trong queue
05/08/2021 20:14:25  INFO [Thread-0] ThreadTwo: List student have 21 student in student.txt
05/08/2021 20:14:25  INFO [Thread-0] ThreadTwo: List student have 3 student in database
05/08/2021 20:14:27  INFO [thread_1] ThreadOne: Khong co ban ghi nao trong queue
05/08/2021 20:14:28  INFO [Thread-0] ThreadTwo: List student have 21 student in student.txt
05/08/2021 20:14:28  INFO [Thread-0] ThreadTwo: List student have 3 student in database
05/08/2021 20:14:30  INFO [thread_1] ThreadOne: Khong co ban ghi nao trong queue
05/08/2021 20:14:31  INFO [Thread-0] ThreadTwo: List student have 21 student in student.txt
05/08/2021 20:14:31  INFO [Thread-0] ThreadTwo: List student have 3 student in database
05/08/2021 20:14:33  INFO [thread_1] ThreadOne: Khong co ban ghi nao trong queue
05/08/2021 20:14:34  INFO [Thread-0] ThreadTwo: List student have 21 student in student.txt
05/08/2021 20:14:34  INFO [Thread-0] ThreadTwo: List student have 3 student in database
05/08/2021 20:14:36  INFO [thread_1] ThreadOne: Khong co ban ghi nao trong queue
05/08/2021 20:14:37  INFO [Thread-0] ThreadTwo: List student have 21 student in student.txt
05/08/2021 20:14:37  INFO [Thread-0] ThreadTwo: List student have 3 student in database
05/08/2021 20:14:39  INFO [thread_1] ThreadOne: Khong co ban ghi nao trong queue
05/08/2021 20:14:40  INFO [Thread-0] ThreadTwo: List student have 21 student in student.txt
05/08/2021 20:14:40  INFO [Thread-0] ThreadTwo: List student have 3 student in database
05/08/2021 20:14:42  INFO [thread_1] ThreadOne: Khong co ban ghi nao trong queue
05/08/2021 20:14:43  INFO [Thread-0] ThreadTwo: List student have 21 student in student.txt
05/08/2021 20:14:43  INFO [Thread-0] ThreadTwo: List student have 3 student in database
05/08/2021 20:14:45  INFO [thread_1] ThreadOne: Khong co ban ghi nao trong queue
05/08/2021 20:14:46  INFO [Thread-0] ThreadTwo: List student have 21 student in student.txt
05/08/2021 20:14:46  INFO [Thread-0] ThreadTwo: List student have 3 student in database
05/08/2021 20:14:48  INFO [thread_1] ThreadOne: Khong co ban ghi nao trong queue
05/08/2021 20:14:49  INFO [Thread-0] ThreadTwo: List student have 21 student in student.txt
05/08/2021 20:14:49  INFO [Thread-0] ThreadTwo: List student have 3 student in database
05/08/2021 20:14:51  INFO [thread_1] ThreadOne: Khong co ban ghi nao trong queue
05/08/2021 20:14:52  INFO [Thread-0] ThreadTwo: List student have 21 student in student.txt
05/08/2021 20:14:52  INFO [Thread-0] ThreadTwo: List student have 3 student in database
05/08/2021 20:14:54  INFO [thread_1] ThreadOne: Khong co ban ghi nao trong queue
05/08/2021 20:14:55  INFO [Thread-0] ThreadTwo: List student have 21 student in student.txt
05/08/2021 20:14:55  INFO [Thread-0] ThreadTwo: List student have 3 student in database
05/08/2021 20:14:57  INFO [thread_1] ThreadOne: Khong co ban ghi nao trong queue
05/08/2021 20:14:58  INFO [Thread-0] ThreadTwo: List student have 21 student in student.txt
05/08/2021 20:14:58  INFO [Thread-0] ThreadTwo: List student have 3 student in database
05/08/2021 20:15:00  INFO [thread_1] ThreadOne: Khong co ban ghi nao trong queue
05/08/2021 20:15:01  INFO [Thread-0] ThreadTwo: List student have 21 student in student.txt
05/08/2021 20:15:01  INFO [Thread-0] ThreadTwo: List student have 3 student in database
05/08/2021 20:15:03  INFO [thread_1] ThreadOne: Khong co ban ghi nao trong queue
05/08/2021 20:15:04  INFO [Thread-0] ThreadTwo: List student have 21 student in student.txt
05/08/2021 20:15:04  INFO [Thread-0] ThreadTwo: List student have 3 student in database
05/08/2021 20:15:06  INFO [thread_1] ThreadOne: Khong co ban ghi nao trong queue
05/08/2021 20:15:07  INFO [Thread-0] ThreadTwo: List student have 21 student in student.txt
05/08/2021 20:15:07  INFO [Thread-0] ThreadTwo: List student have 3 student in database
05/08/2021 20:15:09  INFO [thread_1] ThreadOne: Khong co ban ghi nao trong queue
05/08/2021 20:15:10  INFO [Thread-0] ThreadTwo: List student have 21 student in student.txt
05/08/2021 20:15:10  INFO [Thread-0] ThreadTwo: List student have 3 student in database
05/08/2021 20:15:12  INFO [thread_1] ThreadOne: Khong co ban ghi nao trong queue
05/08/2021 20:15:13  INFO [Thread-0] ThreadTwo: List student have 21 student in student.txt
05/08/2021 20:15:13  INFO [Thread-0] ThreadTwo: List student have 3 student in database
05/08/2021 20:15:15  INFO [thread_1] ThreadOne: Khong co ban ghi nao trong queue
05/08/2021 20:15:16  INFO [Thread-0] ThreadTwo: List student have 21 student in student.txt
05/08/2021 20:15:16  INFO [Thread-0] ThreadTwo: List student have 3 student in database
05/08/2021 20:15:18  INFO [thread_1] ThreadOne: Khong co ban ghi nao trong queue
05/08/2021 20:15:19  INFO [Thread-0] ThreadTwo: List student have 21 student in student.txt
05/08/2021 20:15:19  INFO [Thread-0] ThreadTwo: List student have 3 student in database
05/08/2021 20:15:21  INFO [thread_1] ThreadOne: Khong co ban ghi nao trong queue
05/08/2021 20:15:22  INFO [Thread-0] ThreadTwo: List student have 21 student in student.txt
05/08/2021 20:15:22  INFO [Thread-0] ThreadTwo: List student have 3 student in database
05/08/2021 20:15:24  INFO [thread_1] ThreadOne: Khong co ban ghi nao trong queue
05/08/2021 20:15:25  INFO [Thread-0] ThreadTwo: List student have 21 student in student.txt
05/08/2021 20:15:25  INFO [Thread-0] ThreadTwo: List student have 3 student in database
05/08/2021 20:15:27  INFO [thread_1] ThreadOne: Khong co ban ghi nao trong queue
05/08/2021 20:15:28  INFO [Thread-0] ThreadTwo: List student have 21 student in student.txt
05/08/2021 20:15:28  INFO [Thread-0] ThreadTwo: List student have 3 student in database
05/08/2021 20:15:30  INFO [thread_1] ThreadOne: Khong co ban ghi nao trong queue
05/08/2021 20:15:31  INFO [Thread-0] ThreadTwo: List student have 21 student in student.txt
05/08/2021 20:15:31  INFO [Thread-0] ThreadTwo: List student have 3 student in database
05/08/2021 20:15:33  INFO [thread_1] ThreadOne: Khong co ban ghi nao trong queue
05/08/2021 20:15:34  INFO [Thread-0] ThreadTwo: List student have 21 student in student.txt
05/08/2021 20:15:34  INFO [Thread-0] ThreadTwo: List student have 3 student in database
05/08/2021 20:15:36  INFO [thread_1] ThreadOne: Khong co ban ghi nao trong queue
05/08/2021 20:15:37  INFO [Thread-0] ThreadTwo: List student have 21 student in student.txt
05/08/2021 20:15:37  INFO [Thread-0] ThreadTwo: List student have 3 student in database
05/08/2021 20:15:39  INFO [thread_1] ThreadOne: Khong co ban ghi nao trong queue
05/08/2021 20:15:40  INFO [Thread-0] ThreadTwo: List student have 21 student in student.txt
05/08/2021 20:15:40  INFO [Thread-0] ThreadTwo: List student have 3 student in database
05/08/2021 20:15:42  INFO [thread_1] ThreadOne: Khong co ban ghi nao trong queue
05/08/2021 20:15:43  INFO [Thread-0] ThreadTwo: List student have 21 student in student.txt
05/08/2021 20:15:43  INFO [Thread-0] ThreadTwo: List student have 3 student in database
05/08/2021 20:15:45  INFO [thread_1] ThreadOne: Khong co ban ghi nao trong queue
05/08/2021 20:15:46  INFO [Thread-0] ThreadTwo: List student have 21 student in student.txt
05/08/2021 20:15:46  INFO [Thread-0] ThreadTwo: List student have 3 student in database
05/08/2021 20:15:48  INFO [thread_1] ThreadOne: Khong co ban ghi nao trong queue
05/08/2021 20:15:49  INFO [Thread-0] ThreadTwo: List student have 21 student in student.txt
05/08/2021 20:15:49  INFO [Thread-0] ThreadTwo: List student have 3 student in database
05/08/2021 20:15:51  INFO [thread_1] ThreadOne: Khong co ban ghi nao trong queue
05/08/2021 20:15:52  INFO [Thread-0] ThreadTwo: List student have 21 student in student.txt
05/08/2021 20:15:52  INFO [Thread-0] ThreadTwo: List student have 3 student in database
05/08/2021 20:15:54  INFO [thread_1] ThreadOne: Khong co ban ghi nao trong queue
05/08/2021 20:15:55  INFO [Thread-0] ThreadTwo: List student have 21 student in student.txt
05/08/2021 20:15:55  INFO [Thread-0] ThreadTwo: List student have 3 student in database
05/08/2021 20:15:57  INFO [thread_1] ThreadOne: Khong co ban ghi nao trong queue
05/08/2021 20:15:58  INFO [Thread-0] ThreadTwo: List student have 21 student in student.txt
05/08/2021 20:15:58  INFO [Thread-0] ThreadTwo: List student have 3 student in database
05/08/2021 20:16:00  INFO [thread_1] ThreadOne: Khong co ban ghi nao trong queue
05/08/2021 20:16:01  INFO [Thread-0] ThreadTwo: List student have 21 student in student.txt
05/08/2021 20:16:01  INFO [Thread-0] ThreadTwo: List student have 3 student in database
05/08/2021 20:18:40  INFO [thread_1] ThreadOne: Khong co ban ghi nao trong queue
05/08/2021 20:18:40  INFO [Thread-0] ThreadTwo: List student have 21 student in student.txt
05/08/2021 20:18:41  INFO [Thread-0] ThreadTwo: List student have 3 student in database
05/08/2021 20:18:43  INFO [thread_1] ThreadOne: Khong co ban ghi nao trong queue
05/08/2021 20:18:44  INFO [Thread-0] ThreadTwo: List student have 21 student in student.txt
05/08/2021 20:18:44  INFO [Thread-0] ThreadTwo: List student have 3 student in database
05/08/2021 20:18:46  INFO [thread_1] ThreadOne: Khong co ban ghi nao trong queue
05/08/2021 20:18:47  INFO [Thread-0] ThreadTwo: List student have 21 student in student.txt
05/08/2021 20:18:47  INFO [Thread-0] ThreadTwo: List student have 3 student in database
05/08/2021 20:18:49  INFO [thread_1] ThreadOne: Khong co ban ghi nao trong queue
05/08/2021 20:18:50  INFO [Thread-0] ThreadTwo: List student have 21 student in student.txt
05/08/2021 20:18:50  INFO [Thread-0] ThreadTwo: List student have 3 student in database
05/08/2021 20:18:52  INFO [thread_1] ThreadOne: Khong co ban ghi nao trong queue
05/08/2021 20:18:53  INFO [Thread-0] ThreadTwo: List student have 21 student in student.txt
05/08/2021 20:18:53  INFO [Thread-0] ThreadTwo: List student have 3 student in database
05/08/2021 20:18:55  INFO [thread_1] ThreadOne: Khong co ban ghi nao trong queue
05/08/2021 20:18:56  INFO [Thread-0] ThreadTwo: List student have 21 student in student.txt
05/08/2021 20:18:56  INFO [Thread-0] ThreadTwo: List student have 3 student in database
05/08/2021 20:18:58  INFO [thread_1] ThreadOne: Khong co ban ghi nao trong queue
05/08/2021 20:18:59  INFO [Thread-0] ThreadTwo: List student have 21 student in student.txt
05/08/2021 20:18:59  INFO [Thread-0] ThreadTwo: List student have 3 student in database
05/08/2021 20:19:01  INFO [thread_1] ThreadOne: Khong co ban ghi nao trong queue
05/08/2021 20:19:02  INFO [Thread-0] ThreadTwo: List student have 21 student in student.txt
05/08/2021 20:19:02  INFO [Thread-0] ThreadTwo: List student have 3 student in database
05/08/2021 20:19:04  INFO [thread_1] ThreadOne: Khong co ban ghi nao trong queue
05/08/2021 20:19:05  INFO [Thread-0] ThreadTwo: List student have 21 student in student.txt
05/08/2021 20:19:05  INFO [Thread-0] ThreadTwo: List student have 3 student in database
05/08/2021 20:19:07  INFO [thread_1] ThreadOne: Khong co ban ghi nao trong queue
05/08/2021 20:19:08  INFO [Thread-0] ThreadTwo: List student have 21 student in student.txt
05/08/2021 20:19:08  INFO [Thread-0] ThreadTwo: List student have 3 student in database
05/08/2021 20:19:10  INFO [thread_1] ThreadOne: Khong co ban ghi nao trong queue
05/08/2021 20:19:11  INFO [Thread-0] ThreadTwo: List student have 21 student in student.txt
05/08/2021 20:19:11  INFO [Thread-0] ThreadTwo: List student have 3 student in database
05/08/2021 20:19:13  INFO [thread_1] ThreadOne: Khong co ban ghi nao trong queue
05/08/2021 20:19:14  INFO [Thread-0] ThreadTwo: List student have 21 student in student.txt
05/08/2021 20:19:14  INFO [Thread-0] ThreadTwo: List student have 3 student in database
05/08/2021 20:19:16  INFO [thread_1] ThreadOne: Khong co ban ghi nao trong queue
05/08/2021 20:19:17  INFO [Thread-0] ThreadTwo: List student have 21 student in student.txt
05/08/2021 20:19:17  INFO [Thread-0] ThreadTwo: List student have 3 student in database
05/08/2021 20:19:19  INFO [thread_1] ThreadOne: Khong co ban ghi nao trong queue
05/08/2021 20:19:20  INFO [Thread-0] ThreadTwo: List student have 21 student in student.txt
05/08/2021 20:19:20  INFO [Thread-0] ThreadTwo: List student have 3 student in database
05/08/2021 20:19:22  INFO [thread_1] ThreadOne: Khong co ban ghi nao trong queue
05/08/2021 20:19:23  INFO [Thread-0] ThreadTwo: List student have 21 student in student.txt
05/08/2021 20:19:23  INFO [Thread-0] ThreadTwo: List student have 3 student in database
05/08/2021 20:19:25  INFO [thread_1] ThreadOne: Khong co ban ghi nao trong queue
05/08/2021 20:19:26  INFO [Thread-0] ThreadTwo: List student have 21 student in student.txt
05/08/2021 20:19:26  INFO [Thread-0] ThreadTwo: List student have 3 student in database
05/08/2021 20:19:28  INFO [thread_1] ThreadOne: Khong co ban ghi nao trong queue
05/08/2021 20:19:29  INFO [Thread-0] ThreadTwo: List student have 21 student in student.txt
05/08/2021 20:19:29  INFO [Thread-0] ThreadTwo: List student have 3 student in database
05/08/2021 20:19:31  INFO [thread_1] ThreadOne: Khong co ban ghi nao trong queue
05/08/2021 20:19:32  INFO [Thread-0] ThreadTwo: List student have 21 student in student.txt
05/08/2021 20:19:32  INFO [Thread-0] ThreadTwo: List student have 3 student in database
05/08/2021 20:19:34  INFO [thread_1] ThreadOne: Khong co ban ghi nao trong queue
05/08/2021 20:19:35  INFO [Thread-0] ThreadTwo: List student have 21 student in student.txt
05/08/2021 20:19:35  INFO [Thread-0] ThreadTwo: List student have 3 student in database
05/08/2021 20:19:37  INFO [thread_1] ThreadOne: Khong co ban ghi nao trong queue
05/08/2021 20:19:38  INFO [Thread-0] ThreadTwo: List student have 21 student in student.txt
05/08/2021 20:19:38  INFO [Thread-0] ThreadTwo: List student have 3 student in database
05/08/2021 20:19:40  INFO [thread_1] ThreadOne: Khong co ban ghi nao trong queue
05/08/2021 20:19:41  INFO [Thread-0] ThreadTwo: List student have 21 student in student.txt
05/08/2021 20:19:41  INFO [Thread-0] ThreadTwo: List student have 3 student in database
05/08/2021 20:19:43  INFO [thread_1] ThreadOne: Khong co ban ghi nao trong queue
05/08/2021 20:19:44  INFO [Thread-0] ThreadTwo: List student have 21 student in student.txt
05/08/2021 20:19:44  INFO [Thread-0] ThreadTwo: List student have 3 student in database
05/08/2021 20:19:46  INFO [thread_1] ThreadOne: Khong co ban ghi nao trong queue
05/08/2021 20:19:47  INFO [Thread-0] ThreadTwo: List student have 21 student in student.txt
05/08/2021 20:19:47  INFO [Thread-0] ThreadTwo: List student have 3 student in database
05/08/2021 20:19:49  INFO [thread_1] ThreadOne: Khong co ban ghi nao trong queue
05/08/2021 20:19:50  INFO [Thread-0] ThreadTwo: List student have 21 student in student.txt
05/08/2021 20:19:50  INFO [Thread-0] ThreadTwo: List student have 3 student in database
05/08/2021 20:19:52  INFO [thread_1] ThreadOne: Khong co ban ghi nao trong queue
05/08/2021 20:19:53  INFO [Thread-0] ThreadTwo: List student have 21 student in student.txt
05/08/2021 20:19:53  INFO [Thread-0] ThreadTwo: List student have 3 student in database
05/08/2021 20:19:55  INFO [thread_1] ThreadOne: Khong co ban ghi nao trong queue
05/08/2021 20:19:56  INFO [Thread-0] ThreadTwo: List student have 21 student in student.txt
05/08/2021 20:19:56  INFO [Thread-0] ThreadTwo: List student have 3 student in database
05/08/2021 20:19:58  INFO [thread_1] ThreadOne: Khong co ban ghi nao trong queue
05/08/2021 20:19:59  INFO [Thread-0] ThreadTwo: List student have 21 student in student.txt
05/08/2021 20:19:59  INFO [Thread-0] ThreadTwo: List student have 3 student in database
05/08/2021 20:20:01  INFO [thread_1] ThreadOne: Khong co ban ghi nao trong queue
05/08/2021 20:20:02  INFO [Thread-0] ThreadTwo: List student have 21 student in student.txt
05/08/2021 20:20:02  INFO [Thread-0] ThreadTwo: List student have 3 student in database
05/08/2021 20:20:04  INFO [thread_1] ThreadOne: Khong co ban ghi nao trong queue
05/08/2021 20:20:05  INFO [Thread-0] ThreadTwo: List student have 21 student in student.txt
05/08/2021 20:20:06  INFO [Thread-0] ThreadTwo: List student have 3 student in database
05/08/2021 20:20:07  INFO [thread_1] ThreadOne: Khong co ban ghi nao trong queue
05/08/2021 20:20:09  INFO [Thread-0] ThreadTwo: List student have 21 student in student.txt
05/08/2021 20:20:09  INFO [Thread-0] ThreadTwo: List student have 3 student in database
05/08/2021 20:20:10  INFO [thread_1] ThreadOne: Khong co ban ghi nao trong queue
05/08/2021 20:20:12  INFO [Thread-0] ThreadTwo: List student have 21 student in student.txt
05/08/2021 20:20:12  INFO [Thread-0] ThreadTwo: List student have 3 student in database
05/08/2021 20:20:13  INFO [thread_1] ThreadOne: Khong co ban ghi nao trong queue
05/08/2021 20:20:15  INFO [Thread-0] ThreadTwo: List student have 21 student in student.txt
05/08/2021 20:20:15  INFO [Thread-0] ThreadTwo: List student have 3 student in database
05/08/2021 20:20:16  INFO [thread_1] ThreadOne: Khong co ban ghi nao trong queue
05/08/2021 20:20:18  INFO [Thread-0] ThreadTwo: List student have 21 student in student.txt
05/08/2021 20:20:18  INFO [Thread-0] ThreadTwo: List student have 3 student in database
05/08/2021 20:20:19  INFO [thread_1] ThreadOne: Khong co ban ghi nao trong queue
05/08/2021 20:20:21  INFO [Thread-0] ThreadTwo: List student have 21 student in student.txt
05/08/2021 20:20:21  INFO [Thread-0] ThreadTwo: List student have 3 student in database
05/08/2021 20:20:22  INFO [thread_1] ThreadOne: Khong co ban ghi nao trong queue
05/08/2021 20:20:24  INFO [Thread-0] ThreadTwo: List student have 21 student in student.txt
05/08/2021 20:20:24  INFO [Thread-0] ThreadTwo: List student have 3 student in database
05/08/2021 20:20:25  INFO [thread_1] ThreadOne: Khong co ban ghi nao trong queue
05/08/2021 20:20:27  INFO [Thread-0] ThreadTwo: List student have 21 student in student.txt
05/08/2021 20:20:27  INFO [Thread-0] ThreadTwo: List student have 3 student in database
05/08/2021 20:20:28  INFO [thread_1] ThreadOne: Khong co ban ghi nao trong queue
05/08/2021 20:20:30  INFO [Thread-0] ThreadTwo: List student have 21 student in student.txt
05/08/2021 20:20:30  INFO [Thread-0] ThreadTwo: List student have 3 student in database
05/08/2021 20:20:32  INFO [thread_1] ThreadOne: Khong co ban ghi nao trong queue
05/08/2021 20:20:33  INFO [Thread-0] ThreadTwo: List student have 21 student in student.txt
05/08/2021 20:20:33  INFO [Thread-0] ThreadTwo: List student have 3 student in database
05/08/2021 20:20:35  INFO [thread_1] ThreadOne: Khong co ban ghi nao trong queue
05/08/2021 20:20:36  INFO [Thread-0] ThreadTwo: List student have 21 student in student.txt
05/08/2021 20:20:36  INFO [Thread-0] ThreadTwo: List student have 3 student in database
05/08/2021 20:20:38  INFO [thread_1] ThreadOne: Khong co ban ghi nao trong queue
05/08/2021 20:20:39  INFO [Thread-0] ThreadTwo: List student have 21 student in student.txt
05/08/2021 20:20:39  INFO [Thread-0] ThreadTwo: List student have 3 student in database
05/08/2021 20:20:41  INFO [thread_1] ThreadOne: Queue student have 1 student
05/08/2021 20:20:41  INFO [thread_1] ThreadOne: Queue student have 0 student
05/08/2021 20:20:42  INFO [Thread-0] ThreadTwo: List student have 22 student in student.txt
05/08/2021 20:20:42  INFO [Thread-0] ThreadTwo: List student have 4 student in database
05/08/2021 20:20:44  INFO [thread_1] ThreadOne: Khong co ban ghi nao trong queue
05/08/2021 20:20:45  INFO [Thread-0] ThreadTwo: List student have 22 student in student.txt
05/08/2021 20:20:45  INFO [Thread-0] ThreadTwo: List student have 4 student in database
05/08/2021 20:20:47  INFO [thread_1] ThreadOne: Khong co ban ghi nao trong queue
05/08/2021 20:20:48  INFO [Thread-0] ThreadTwo: List student have 22 student in student.txt
05/08/2021 20:20:48  INFO [Thread-0] ThreadTwo: List student have 4 student in database
05/08/2021 20:20:50  INFO [thread_1] ThreadOne: Khong co ban ghi nao trong queue
05/08/2021 20:20:51  INFO [Thread-0] ThreadTwo: List student have 22 student in student.txt
05/08/2021 20:20:51  INFO [Thread-0] ThreadTwo: List student have 4 student in database
05/08/2021 20:20:53  INFO [thread_1] ThreadOne: Khong co ban ghi nao trong queue
05/08/2021 20:20:54  INFO [Thread-0] ThreadTwo: List student have 22 student in student.txt
05/08/2021 20:20:54  INFO [Thread-0] ThreadTwo: List student have 4 student in database
05/08/2021 20:20:56  INFO [thread_1] ThreadOne: Khong co ban ghi nao trong queue
05/08/2021 20:20:57  INFO [Thread-0] ThreadTwo: List student have 22 student in student.txt
05/08/2021 20:20:57  INFO [Thread-0] ThreadTwo: List student have 4 student in database
05/08/2021 20:20:59  INFO [thread_1] ThreadOne: Khong co ban ghi nao trong queue
05/08/2021 20:21:00  INFO [Thread-0] ThreadTwo: List student have 22 student in student.txt
05/08/2021 20:21:00  INFO [Thread-0] ThreadTwo: List student have 4 student in database
05/08/2021 20:21:02  INFO [thread_1] ThreadOne: Khong co ban ghi nao trong queue
05/08/2021 20:21:03  INFO [Thread-0] ThreadTwo: List student have 22 student in student.txt
05/08/2021 20:21:03  INFO [Thread-0] ThreadTwo: List student have 4 student in database
05/08/2021 20:21:05  INFO [thread_1] ThreadOne: Khong co ban ghi nao trong queue
05/08/2021 20:21:06  INFO [Thread-0] ThreadTwo: List student have 22 student in student.txt
05/08/2021 20:21:06  INFO [Thread-0] ThreadTwo: List student have 4 student in database
05/08/2021 20:21:08  INFO [thread_1] ThreadOne: Khong co ban ghi nao trong queue
05/08/2021 20:21:09  INFO [Thread-0] ThreadTwo: List student have 22 student in student.txt
05/08/2021 20:21:09  INFO [Thread-0] ThreadTwo: List student have 4 student in database
05/08/2021 20:21:11  INFO [thread_1] ThreadOne: Khong co ban ghi nao trong queue
05/08/2021 20:21:12  INFO [Thread-0] ThreadTwo: List student have 22 student in student.txt
05/08/2021 20:21:12  INFO [Thread-0] ThreadTwo: List student have 4 student in database
05/08/2021 20:21:14  INFO [thread_1] ThreadOne: Khong co ban ghi nao trong queue
05/08/2021 20:21:15  INFO [Thread-0] ThreadTwo: List student have 22 student in student.txt
05/08/2021 20:21:15  INFO [Thread-0] ThreadTwo: List student have 4 student in database
05/08/2021 20:21:17  INFO [thread_1] ThreadOne: Khong co ban ghi nao trong queue
05/08/2021 20:21:18  INFO [Thread-0] ThreadTwo: List student have 22 student in student.txt
05/08/2021 20:21:18  INFO [Thread-0] ThreadTwo: List student have 4 student in database
05/08/2021 20:21:20  INFO [thread_1] ThreadOne: Khong co ban ghi nao trong queue
05/08/2021 20:21:21  INFO [Thread-0] ThreadTwo: List student have 22 student in student.txt
05/08/2021 20:21:21  INFO [Thread-0] ThreadTwo: List student have 4 student in database
05/08/2021 20:21:23  INFO [thread_1] ThreadOne: Khong co ban ghi nao trong queue
05/08/2021 20:21:24  INFO [Thread-0] ThreadTwo: List student have 22 student in student.txt
05/08/2021 20:21:24  INFO [Thread-0] ThreadTwo: List student have 4 student in database
05/08/2021 20:21:26  INFO [thread_1] ThreadOne: Khong co ban ghi nao trong queue
05/08/2021 20:21:27  INFO [Thread-0] ThreadTwo: List student have 22 student in student.txt
05/08/2021 20:21:27  INFO [Thread-0] ThreadTwo: List student have 4 student in database
05/08/2021 20:21:29  INFO [thread_1] ThreadOne: Khong co ban ghi nao trong queue
05/08/2021 20:21:30  INFO [Thread-0] ThreadTwo: List student have 22 student in student.txt
05/08/2021 20:21:30  INFO [Thread-0] ThreadTwo: List student have 4 student in database
05/08/2021 20:21:32  INFO [thread_1] ThreadOne: Khong co ban ghi nao trong queue
05/08/2021 20:21:33  INFO [Thread-0] ThreadTwo: List student have 22 student in student.txt
05/08/2021 20:21:33  INFO [Thread-0] ThreadTwo: List student have 4 student in database
05/08/2021 20:21:35  INFO [thread_1] ThreadOne: Khong co ban ghi nao trong queue
05/08/2021 20:21:36  INFO [Thread-0] ThreadTwo: List student have 22 student in student.txt
05/08/2021 20:21:36  INFO [Thread-0] ThreadTwo: List student have 4 student in database
05/08/2021 20:21:38  INFO [thread_1] ThreadOne: Khong co ban ghi nao trong queue
05/08/2021 20:21:39  INFO [Thread-0] ThreadTwo: List student have 22 student in student.txt
05/08/2021 20:21:39  INFO [Thread-0] ThreadTwo: List student have 4 student in database
05/08/2021 20:21:41  INFO [thread_1] ThreadOne: Khong co ban ghi nao trong queue
05/08/2021 20:21:42  INFO [Thread-0] ThreadTwo: List student have 22 student in student.txt
05/08/2021 20:21:42  INFO [Thread-0] ThreadTwo: List student have 4 student in database
05/08/2021 20:21:44  INFO [thread_1] ThreadOne: Khong co ban ghi nao trong queue
05/08/2021 20:21:45  INFO [Thread-0] ThreadTwo: List student have 22 student in student.txt
05/08/2021 20:21:45  INFO [Thread-0] ThreadTwo: List student have 4 student in database
05/08/2021 20:21:47  INFO [thread_1] ThreadOne: Khong co ban ghi nao trong queue
05/08/2021 20:21:48  INFO [Thread-0] ThreadTwo: List student have 22 student in student.txt
05/08/2021 20:21:48  INFO [Thread-0] ThreadTwo: List student have 4 student in database
05/08/2021 20:21:50  INFO [thread_1] ThreadOne: Khong co ban ghi nao trong queue
05/08/2021 20:21:51  INFO [Thread-0] ThreadTwo: List student have 22 student in student.txt
05/08/2021 20:21:51  INFO [Thread-0] ThreadTwo: List student have 4 student in database
05/08/2021 20:21:53  INFO [thread_1] ThreadOne: Khong co ban ghi nao trong queue
05/08/2021 20:21:54  INFO [Thread-0] ThreadTwo: List student have 22 student in student.txt
05/08/2021 20:21:54  INFO [Thread-0] ThreadTwo: List student have 4 student in database
05/08/2021 20:21:56  INFO [thread_1] ThreadOne: Khong co ban ghi nao trong queue
05/08/2021 20:21:57  INFO [Thread-0] ThreadTwo: List student have 22 student in student.txt
05/08/2021 20:21:57  INFO [Thread-0] ThreadTwo: List student have 4 student in database
05/08/2021 20:21:59  INFO [thread_1] ThreadOne: Khong co ban ghi nao trong queue
05/08/2021 20:22:00  INFO [Thread-0] ThreadTwo: List student have 22 student in student.txt
05/08/2021 20:22:00  INFO [Thread-0] ThreadTwo: List student have 4 student in database
05/08/2021 20:22:02  INFO [thread_1] ThreadOne: Khong co ban ghi nao trong queue
05/08/2021 20:22:03  INFO [Thread-0] ThreadTwo: List student have 22 student in student.txt
05/08/2021 20:22:03  INFO [Thread-0] ThreadTwo: List student have 4 student in database
05/08/2021 20:22:05  INFO [thread_1] ThreadOne: Khong co ban ghi nao trong queue
05/08/2021 20:22:06  INFO [Thread-0] ThreadTwo: List student have 22 student in student.txt
05/08/2021 20:22:06  INFO [Thread-0] ThreadTwo: List student have 4 student in database
05/08/2021 20:22:08  INFO [thread_1] ThreadOne: Khong co ban ghi nao trong queue
05/08/2021 20:22:09  INFO [Thread-0] ThreadTwo: List student have 22 student in student.txt
05/08/2021 20:22:09  INFO [Thread-0] ThreadTwo: List student have 4 student in database
05/08/2021 20:22:11  INFO [thread_1] ThreadOne: Khong co ban ghi nao trong queue
05/08/2021 20:22:12  INFO [Thread-0] ThreadTwo: List student have 22 student in student.txt
05/08/2021 20:22:12  INFO [Thread-0] ThreadTwo: List student have 4 student in database
05/08/2021 20:22:14  INFO [thread_1] ThreadOne: Khong co ban ghi nao trong queue
05/08/2021 20:22:15  INFO [Thread-0] ThreadTwo: List student have 22 student in student.txt
05/08/2021 20:22:15  INFO [Thread-0] ThreadTwo: List student have 4 student in database
05/08/2021 20:22:17  INFO [thread_1] ThreadOne: Khong co ban ghi nao trong queue
05/08/2021 20:22:18  INFO [Thread-0] ThreadTwo: List student have 22 student in student.txt
05/08/2021 20:22:18  INFO [Thread-0] ThreadTwo: List student have 4 student in database
05/08/2021 20:22:20  INFO [thread_1] ThreadOne: Khong co ban ghi nao trong queue
05/08/2021 20:22:21  INFO [Thread-0] ThreadTwo: List student have 22 student in student.txt
05/08/2021 20:22:21  INFO [Thread-0] ThreadTwo: List student have 4 student in database
05/08/2021 20:22:23  INFO [thread_1] ThreadOne: Khong co ban ghi nao trong queue
05/08/2021 20:22:25  INFO [Thread-0] ThreadTwo: List student have 22 student in student.txt
05/08/2021 20:22:25  INFO [Thread-0] ThreadTwo: List student have 4 student in database
05/08/2021 20:22:26  INFO [thread_1] ThreadOne: Queue student have 1 student
05/08/2021 20:22:26  INFO [thread_1] ThreadOne: Queue student have 0 student
05/08/2021 20:22:28  INFO [Thread-0] ThreadTwo: List student have 23 student in student.txt
05/08/2021 20:22:28  INFO [Thread-0] ThreadTwo: List student have 5 student in database
05/08/2021 20:22:29  INFO [thread_1] ThreadOne: Khong co ban ghi nao trong queue
05/08/2021 20:22:31  INFO [Thread-0] ThreadTwo: List student have 23 student in student.txt
05/08/2021 20:22:31  INFO [Thread-0] ThreadTwo: List student have 5 student in database
05/08/2021 20:22:32  INFO [thread_1] ThreadOne: Khong co ban ghi nao trong queue
05/08/2021 20:22:34  INFO [Thread-0] ThreadTwo: List student have 23 student in student.txt
05/08/2021 20:22:34  INFO [Thread-0] ThreadTwo: List student have 5 student in database
05/08/2021 20:22:35  INFO [thread_1] ThreadOne: Khong co ban ghi nao trong queue
05/08/2021 20:22:37  INFO [Thread-0] ThreadTwo: List student have 23 student in student.txt
05/08/2021 20:22:37  INFO [Thread-0] ThreadTwo: List student have 5 student in database
05/08/2021 20:22:38  INFO [thread_1] ThreadOne: Khong co ban ghi nao trong queue
05/08/2021 20:22:40  INFO [Thread-0] ThreadTwo: List student have 23 student in student.txt
05/08/2021 20:22:40  INFO [Thread-0] ThreadTwo: List student have 5 student in database
05/08/2021 20:22:41  INFO [thread_1] ThreadOne: Queue student have 8 student
05/08/2021 20:22:41  INFO [thread_1] ThreadOne: Queue student have 7 student
05/08/2021 20:22:43  INFO [Thread-0] ThreadTwo: List student have 24 student in student.txt
05/08/2021 20:22:43  INFO [Thread-0] ThreadTwo: List student have 6 student in database
05/08/2021 20:22:44  INFO [thread_1] ThreadOne: Queue student have 9 student
05/08/2021 20:22:44  INFO [thread_1] ThreadOne: Queue student have 8 student
05/08/2021 20:22:46  INFO [Thread-0] ThreadTwo: List student have 25 student in student.txt
05/08/2021 20:22:46  INFO [Thread-0] ThreadTwo: List student have 7 student in database
05/08/2021 20:22:47  INFO [thread_1] ThreadOne: Queue student have 8 student
05/08/2021 20:22:47  INFO [thread_1] ThreadOne: Queue student have 7 student
05/08/2021 20:22:49  INFO [Thread-0] ThreadTwo: List student have 26 student in student.txt
05/08/2021 20:22:49  INFO [Thread-0] ThreadTwo: List student have 8 student in database
05/08/2021 20:22:50  INFO [thread_1] ThreadOne: Queue student have 7 student
05/08/2021 20:22:50  INFO [thread_1] ThreadOne: Queue student have 6 student
05/08/2021 20:22:52  INFO [Thread-0] ThreadTwo: List student have 27 student in student.txt
05/08/2021 20:22:52  INFO [Thread-0] ThreadTwo: List student have 9 student in database
05/08/2021 20:22:53  INFO [thread_1] ThreadOne: Queue student have 6 student
05/08/2021 20:22:53  INFO [thread_1] ThreadOne: Queue student have 5 student
05/08/2021 20:22:55  INFO [Thread-0] ThreadTwo: List student have 28 student in student.txt
05/08/2021 20:22:55  INFO [Thread-0] ThreadTwo: List student have 10 student in database
05/08/2021 20:22:56  INFO [thread_1] ThreadOne: Queue student have 5 student
05/08/2021 20:22:56  INFO [thread_1] ThreadOne: Queue student have 4 student
05/08/2021 20:22:58  INFO [Thread-0] ThreadTwo: List student have 29 student in student.txt
05/08/2021 20:22:58  INFO [Thread-0] ThreadTwo: List student have 11 student in database
05/08/2021 20:22:59  INFO [thread_1] ThreadOne: Queue student have 4 student
05/08/2021 20:22:59  INFO [thread_1] ThreadOne: Queue student have 3 student
05/08/2021 20:23:01  INFO [Thread-0] ThreadTwo: List student have 30 student in student.txt
05/08/2021 20:23:01  INFO [Thread-0] ThreadTwo: List student have 12 student in database
05/08/2021 20:23:02  INFO [thread_1] ThreadOne: Queue student have 3 student
05/08/2021 20:23:02  INFO [thread_1] ThreadOne: Queue student have 2 student
05/08/2021 20:23:04  INFO [Thread-0] ThreadTwo: List student have 31 student in student.txt
05/08/2021 20:23:04  INFO [Thread-0] ThreadTwo: List student have 13 student in database
05/08/2021 20:23:05  INFO [thread_1] ThreadOne: Queue student have 2 student
05/08/2021 20:23:05  INFO [thread_1] ThreadOne: Queue student have 1 student
05/08/2021 20:23:07  INFO [Thread-0] ThreadTwo: List student have 32 student in student.txt
05/08/2021 20:23:07  INFO [Thread-0] ThreadTwo: List student have 14 student in database
05/08/2021 20:23:08  INFO [thread_1] ThreadOne: Queue student have 1 student
05/08/2021 20:23:08  INFO [thread_1] ThreadOne: Queue student have 0 student
05/08/2021 20:23:10  INFO [Thread-0] ThreadTwo: List student have 33 student in student.txt
05/08/2021 20:23:10  INFO [Thread-0] ThreadTwo: List student have 15 student in database
05/08/2021 20:23:11  INFO [thread_1] ThreadOne: Khong co ban ghi nao trong queue
05/08/2021 20:23:13  INFO [Thread-0] ThreadTwo: List student have 33 student in student.txt
05/08/2021 20:23:13  INFO [Thread-0] ThreadTwo: List student have 15 student in database
05/08/2021 20:23:14  INFO [thread_1] ThreadOne: Khong co ban ghi nao trong queue
05/08/2021 20:23:16  INFO [Thread-0] ThreadTwo: List student have 33 student in student.txt
05/08/2021 20:23:16  INFO [Thread-0] ThreadTwo: List student have 15 student in database
05/08/2021 20:23:17  INFO [thread_1] ThreadOne: Khong co ban ghi nao trong queue
05/08/2021 20:50:53  INFO [thread_1] ThreadOne: Khong co ban ghi nao trong queue
05/08/2021 20:50:53  INFO [Thread-0] ThreadTwo: List student have 33 student in student.txt
05/08/2021 20:50:54  INFO [Thread-0] ThreadTwo: List student have 15 student in database
05/08/2021 20:50:56  INFO [thread_1] ThreadOne: Khong co ban ghi nao trong queue
05/08/2021 20:50:57  INFO [Thread-0] ThreadTwo: List student have 33 student in student.txt
05/08/2021 20:50:57  INFO [Thread-0] ThreadTwo: List student have 15 student in database
05/08/2021 20:50:59  INFO [thread_1] ThreadOne: Khong co ban ghi nao trong queue
05/08/2021 20:51:00  INFO [Thread-0] ThreadTwo: List student have 33 student in student.txt
05/08/2021 20:51:00  INFO [Thread-0] ThreadTwo: List student have 15 student in database
05/08/2021 20:51:02  INFO [thread_1] ThreadOne: Khong co ban ghi nao trong queue
05/08/2021 20:51:03  INFO [Thread-0] ThreadTwo: List student have 33 student in student.txt
05/08/2021 20:51:03  INFO [Thread-0] ThreadTwo: List student have 15 student in database
05/08/2021 20:51:05  INFO [thread_1] ThreadOne: Khong co ban ghi nao trong queue
05/08/2021 20:51:06  INFO [Thread-0] ThreadTwo: List student have 33 student in student.txt
05/08/2021 20:51:06  INFO [Thread-0] ThreadTwo: List student have 15 student in database
05/08/2021 20:51:08  INFO [thread_1] ThreadOne: Khong co ban ghi nao trong queue
05/08/2021 20:51:09  INFO [Thread-0] ThreadTwo: List student have 33 student in student.txt
05/08/2021 20:51:09  INFO [Thread-0] ThreadTwo: List student have 15 student in database
05/08/2021 20:51:11  INFO [thread_1] ThreadOne: Khong co ban ghi nao trong queue
05/08/2021 20:51:12  INFO [Thread-0] ThreadTwo: List student have 33 student in student.txt
05/08/2021 20:51:12  INFO [Thread-0] ThreadTwo: List student have 15 student in database
05/08/2021 21:08:04  INFO [thread_1] ThreadOne: Khong co ban ghi nao trong queue
05/08/2021 21:08:04  INFO [Thread-0] ThreadTwo: List student have 33 student in student.txt
05/08/2021 21:08:05  INFO [Thread-0] ThreadTwo: List student have 15 student in database
05/08/2021 21:08:07  INFO [thread_1] ThreadOne: Khong co ban ghi nao trong queue
05/08/2021 21:08:08  INFO [Thread-0] ThreadTwo: List student have 33 student in student.txt
05/08/2021 21:08:08  INFO [Thread-0] ThreadTwo: List student have 15 student in database
05/08/2021 21:33:59  INFO [thread_1] ThreadOne: Khong co ban ghi nao trong queue
05/08/2021 21:33:59  INFO [Thread-0] ThreadTwo: List student have 33 student in student.txt
05/08/2021 21:34:00  INFO [Thread-0] ThreadTwo: List student have 15 student in database
05/08/2021 21:34:02  INFO [thread_1] ThreadOne: Khong co ban ghi nao trong queue
05/08/2021 21:34:03  INFO [Thread-0] ThreadTwo: List student have 33 student in student.txt
05/08/2021 21:34:03  INFO [Thread-0] ThreadTwo: List student have 15 student in database
05/08/2021 21:34:05  INFO [thread_1] ThreadOne: Khong co ban ghi nao trong queue
05/08/2021 21:34:06  INFO [Thread-0] ThreadTwo: List student have 33 student in student.txt
05/08/2021 21:34:06  INFO [Thread-0] ThreadTwo: List student have 15 student in database
05/08/2021 21:34:08  INFO [thread_1] ThreadOne: Khong co ban ghi nao trong queue
05/08/2021 21:34:09  INFO [Thread-0] ThreadTwo: List student have 33 student in student.txt
05/08/2021 21:34:09  INFO [Thread-0] ThreadTwo: List student have 15 student in database
05/08/2021 21:34:11  INFO [thread_1] ThreadOne: Khong co ban ghi nao trong queue
05/08/2021 21:34:12  INFO [Thread-0] ThreadTwo: List student have 33 student in student.txt
05/08/2021 21:34:12  INFO [Thread-0] ThreadTwo: List student have 15 student in database
05/08/2021 21:34:14  INFO [thread_1] ThreadOne: Khong co ban ghi nao trong queue
05/08/2021 21:34:15  INFO [Thread-0] ThreadTwo: List student have 33 student in student.txt
05/08/2021 21:34:15  INFO [Thread-0] ThreadTwo: List student have 15 student in database
05/08/2021 21:34:17  INFO [thread_1] ThreadOne: Khong co ban ghi nao trong queue
05/08/2021 21:34:18  INFO [Thread-0] ThreadTwo: List student have 33 student in student.txt
05/08/2021 21:34:18  INFO [Thread-0] ThreadTwo: List student have 15 student in database
05/08/2021 21:34:20  INFO [thread_1] ThreadOne: Khong co ban ghi nao trong queue
05/08/2021 21:34:21  INFO [Thread-0] ThreadTwo: List student have 33 student in student.txt
05/08/2021 21:34:21  INFO [Thread-0] ThreadTwo: List student have 15 student in database
05/08/2021 21:38:30  INFO [thread_1] ThreadOne: Khong co ban ghi nao trong queue
05/08/2021 21:38:30  INFO [Thread-0] ThreadTwo: List student have 33 student in student.txt
05/08/2021 21:38:31  INFO [Thread-0] ThreadTwo: List student have 15 student in database
05/08/2021 21:38:33  INFO [thread_1] ThreadOne: Khong co ban ghi nao trong queue
05/08/2021 21:38:34  INFO [Thread-0] ThreadTwo: List student have 33 student in student.txt
05/08/2021 21:38:34  INFO [Thread-0] ThreadTwo: List student have 15 student in database
05/08/2021 21:38:36  INFO [thread_1] ThreadOne: Khong co ban ghi nao trong queue
05/08/2021 21:38:37  INFO [Thread-0] ThreadTwo: List student have 33 student in student.txt
05/08/2021 21:38:37  INFO [Thread-0] ThreadTwo: List student have 15 student in database
05/08/2021 21:38:39  INFO [thread_1] ThreadOne: Khong co ban ghi nao trong queue
05/08/2021 21:38:40  INFO [Thread-0] ThreadTwo: List student have 33 student in student.txt
05/08/2021 21:38:40  INFO [Thread-0] ThreadTwo: List student have 15 student in database
05/08/2021 21:38:42  INFO [thread_1] ThreadOne: Khong co ban ghi nao trong queue
05/08/2021 21:38:43  INFO [Thread-0] ThreadTwo: List student have 33 student in student.txt
05/08/2021 21:38:43  INFO [Thread-0] ThreadTwo: List student have 15 student in database
05/08/2021 21:38:45  INFO [thread_1] ThreadOne: Khong co ban ghi nao trong queue
05/08/2021 21:38:46  INFO [Thread-0] ThreadTwo: List student have 33 student in student.txt
05/08/2021 21:38:46  INFO [Thread-0] ThreadTwo: List student have 15 student in database
05/08/2021 21:38:48  INFO [thread_1] ThreadOne: Khong co ban ghi nao trong queue
05/08/2021 21:38:49  INFO [Thread-0] ThreadTwo: List student have 33 student in student.txt
05/08/2021 21:38:49  INFO [Thread-0] ThreadTwo: List student have 15 student in database
05/08/2021 21:38:51  INFO [thread_1] ThreadOne: Khong co ban ghi nao trong queue
05/08/2021 21:38:52  INFO [Thread-0] ThreadTwo: List student have 33 student in student.txt
05/08/2021 21:38:52  INFO [Thread-0] ThreadTwo: List student have 15 student in database
05/08/2021 21:38:54  INFO [thread_1] ThreadOne: Khong co ban ghi nao trong queue
05/08/2021 21:38:55  INFO [Thread-0] ThreadTwo: List student have 33 student in student.txt
05/08/2021 21:38:55  INFO [Thread-0] ThreadTwo: List student have 15 student in database
05/08/2021 21:38:57  INFO [thread_1] ThreadOne: Khong co ban ghi nao trong queue
05/08/2021 21:38:58  INFO [Thread-0] ThreadTwo: List student have 33 student in student.txt
05/08/2021 21:38:58  INFO [Thread-0] ThreadTwo: List student have 15 student in database
05/08/2021 21:39:00  INFO [thread_1] ThreadOne: Khong co ban ghi nao trong queue
05/08/2021 21:39:01  INFO [Thread-0] ThreadTwo: List student have 33 student in student.txt
05/08/2021 21:39:01  INFO [Thread-0] ThreadTwo: List student have 15 student in database
05/08/2021 21:39:03  INFO [thread_1] ThreadOne: Queue student have 1 student
05/08/2021 21:39:03  INFO [thread_1] ThreadOne: Queue student have 0 student
05/08/2021 21:39:04  INFO [Thread-0] ThreadTwo: List student have 34 student in student.txt
05/08/2021 21:39:04  INFO [Thread-0] ThreadTwo: List student have 16 student in database
05/08/2021 21:39:06  INFO [thread_1] ThreadOne: Khong co ban ghi nao trong queue
05/08/2021 21:39:07  INFO [Thread-0] ThreadTwo: List student have 34 student in student.txt
05/08/2021 21:39:07  INFO [Thread-0] ThreadTwo: List student have 16 student in database
05/08/2021 21:39:09  INFO [thread_1] ThreadOne: Khong co ban ghi nao trong queue
05/08/2021 21:39:10  INFO [Thread-0] ThreadTwo: List student have 34 student in student.txt
05/08/2021 21:39:10  INFO [Thread-0] ThreadTwo: List student have 16 student in database
05/08/2021 21:39:12  INFO [thread_1] ThreadOne: Khong co ban ghi nao trong queue
05/08/2021 21:39:13  INFO [Thread-0] ThreadTwo: List student have 34 student in student.txt
05/08/2021 21:39:13  INFO [Thread-0] ThreadTwo: List student have 16 student in database
05/08/2021 21:39:15  INFO [thread_1] ThreadOne: Queue student have 6 student
05/08/2021 21:39:15  INFO [thread_1] ThreadOne: Queue student have 5 student
05/08/2021 21:39:16  INFO [Thread-0] ThreadTwo: List student have 35 student in student.txt
05/08/2021 21:39:16  INFO [Thread-0] ThreadTwo: List student have 17 student in database
05/08/2021 21:39:18  INFO [thread_1] ThreadOne: Queue student have 6 student
05/08/2021 21:39:18  INFO [thread_1] ThreadOne: Queue student have 5 student
05/08/2021 21:39:19  INFO [Thread-0] ThreadTwo: List student have 36 student in student.txt
05/08/2021 21:39:19  INFO [Thread-0] ThreadTwo: List student have 18 student in database
05/08/2021 21:39:21  INFO [thread_1] ThreadOne: Queue student have 5 student
05/08/2021 21:39:21  INFO [thread_1] ThreadOne: Queue student have 4 student
05/08/2021 21:39:22  INFO [Thread-0] ThreadTwo: List student have 37 student in student.txt
05/08/2021 21:39:22  INFO [Thread-0] ThreadTwo: List student have 19 student in database
05/08/2021 21:39:24  INFO [thread_1] ThreadOne: Queue student have 4 student
05/08/2021 21:39:24  INFO [thread_1] ThreadOne: Queue student have 3 student
05/08/2021 21:39:25  INFO [Thread-0] ThreadTwo: List student have 38 student in student.txt
05/08/2021 21:39:25  INFO [Thread-0] ThreadTwo: List student have 20 student in database
05/08/2021 21:39:27  INFO [thread_1] ThreadOne: Queue student have 3 student
05/08/2021 21:39:27  INFO [thread_1] ThreadOne: Queue student have 2 student
05/08/2021 21:39:28  INFO [Thread-0] ThreadTwo: List student have 39 student in student.txt
05/08/2021 21:39:28  INFO [Thread-0] ThreadTwo: List student have 21 student in database
05/08/2021 21:39:30  INFO [thread_1] ThreadOne: Queue student have 2 student
05/08/2021 21:39:30  INFO [thread_1] ThreadOne: Queue student have 1 student
05/08/2021 21:39:31  INFO [Thread-0] ThreadTwo: List student have 40 student in student.txt
05/08/2021 21:39:31  INFO [Thread-0] ThreadTwo: List student have 22 student in database
05/08/2021 21:39:33  INFO [thread_1] ThreadOne: Queue student have 1 student
05/08/2021 21:39:33  INFO [thread_1] ThreadOne: Queue student have 0 student
05/08/2021 21:39:34  INFO [Thread-0] ThreadTwo: List student have 41 student in student.txt
05/08/2021 21:39:34  INFO [Thread-0] ThreadTwo: List student have 23 student in database
05/08/2021 21:39:37  INFO [thread_1] ThreadOne: Khong co ban ghi nao trong queue
05/08/2021 21:39:37  INFO [Thread-0] ThreadTwo: List student have 41 student in student.txt
05/08/2021 21:39:37  INFO [Thread-0] ThreadTwo: List student have 23 student in database
05/08/2021 21:39:40  INFO [thread_1] ThreadOne: Khong co ban ghi nao trong queue
05/08/2021 21:39:40  INFO [Thread-0] ThreadTwo: List student have 41 student in student.txt
05/08/2021 21:39:40  INFO [Thread-0] ThreadTwo: List student have 23 student in database
05/08/2021 21:39:43  INFO [thread_1] ThreadOne: Khong co ban ghi nao trong queue
05/08/2021 21:39:43  INFO [Thread-0] ThreadTwo: List student have 41 student in student.txt
05/08/2021 21:39:43  INFO [Thread-0] ThreadTwo: List student have 23 student in database
05/08/2021 21:39:46  INFO [thread_1] ThreadOne: Khong co ban ghi nao trong queue
05/08/2021 21:39:46  INFO [Thread-0] ThreadTwo: List student have 41 student in student.txt
05/08/2021 21:39:46  INFO [Thread-0] ThreadTwo: List student have 23 student in database
05/08/2021 21:39:49  INFO [thread_1] ThreadOne: Khong co ban ghi nao trong queue
05/08/2021 21:39:49  INFO [Thread-0] ThreadTwo: List student have 41 student in student.txt
05/08/2021 21:39:49  INFO [Thread-0] ThreadTwo: List student have 23 student in database
05/08/2021 21:39:52  INFO [thread_1] ThreadOne: Khong co ban ghi nao trong queue
05/08/2021 21:39:52  INFO [Thread-0] ThreadTwo: List student have 41 student in student.txt
05/08/2021 21:39:52  INFO [Thread-0] ThreadTwo: List student have 23 student in database
05/08/2021 21:39:55  INFO [thread_1] ThreadOne: Khong co ban ghi nao trong queue
05/08/2021 21:39:55  INFO [Thread-0] ThreadTwo: List student have 41 student in student.txt
05/08/2021 21:39:55  INFO [Thread-0] ThreadTwo: List student have 23 student in database
05/08/2021 21:39:58  INFO [thread_1] ThreadOne: Khong co ban ghi nao trong queue
05/08/2021 21:39:58  INFO [Thread-0] ThreadTwo: List student have 41 student in student.txt
05/08/2021 21:39:59  INFO [Thread-0] ThreadTwo: List student have 23 student in database
05/08/2021 21:40:01  INFO [thread_1] ThreadOne: Khong co ban ghi nao trong queue
05/08/2021 21:40:02  INFO [Thread-0] ThreadTwo: List student have 41 student in student.txt
05/08/2021 21:40:02  INFO [Thread-0] ThreadTwo: List student have 23 student in database
05/08/2021 21:40:04  INFO [thread_1] ThreadOne: Khong co ban ghi nao trong queue
05/08/2021 21:40:05  INFO [Thread-0] ThreadTwo: List student have 41 student in student.txt
05/08/2021 21:40:05  INFO [Thread-0] ThreadTwo: List student have 23 student in database
05/08/2021 21:40:07  INFO [thread_1] ThreadOne: Khong co ban ghi nao trong queue
05/08/2021 21:40:08  INFO [Thread-0] ThreadTwo: List student have 41 student in student.txt
05/08/2021 21:40:08  INFO [Thread-0] ThreadTwo: List student have 23 student in database
05/08/2021 21:40:10  INFO [thread_1] ThreadOne: Khong co ban ghi nao trong queue
05/08/2021 21:40:11  INFO [Thread-0] ThreadTwo: List student have 41 student in student.txt
05/08/2021 21:40:11  INFO [Thread-0] ThreadTwo: List student have 23 student in database
05/08/2021 21:40:13  INFO [thread_1] ThreadOne: Khong co ban ghi nao trong queue
05/08/2021 21:40:14  INFO [Thread-0] ThreadTwo: List student have 41 student in student.txt
05/08/2021 21:40:14  INFO [Thread-0] ThreadTwo: List student have 23 student in database
05/08/2021 21:40:16  INFO [thread_1] ThreadOne: Khong co ban ghi nao trong queue
05/08/2021 21:40:17  INFO [Thread-0] ThreadTwo: List student have 41 student in student.txt
05/08/2021 21:40:17  INFO [Thread-0] ThreadTwo: List student have 23 student in database
05/08/2021 21:40:19  INFO [thread_1] ThreadOne: Khong co ban ghi nao trong queue
05/08/2021 21:40:20  INFO [Thread-0] ThreadTwo: List student have 41 student in student.txt
05/08/2021 21:40:20  INFO [Thread-0] ThreadTwo: List student have 23 student in database
05/08/2021 21:40:22  INFO [thread_1] ThreadOne: Khong co ban ghi nao trong queue
05/08/2021 21:40:23  INFO [Thread-0] ThreadTwo: List student have 41 student in student.txt
05/08/2021 21:40:23  INFO [Thread-0] ThreadTwo: List student have 23 student in database
05/08/2021 21:40:25  INFO [thread_1] ThreadOne: Khong co ban ghi nao trong queue
05/08/2021 21:40:26  INFO [Thread-0] ThreadTwo: List student have 41 student in student.txt
05/08/2021 21:40:26  INFO [Thread-0] ThreadTwo: List student have 23 student in database
05/08/2021 21:40:28  INFO [thread_1] ThreadOne: Khong co ban ghi nao trong queue
05/08/2021 21:40:29  INFO [Thread-0] ThreadTwo: List student have 41 student in student.txt
05/08/2021 21:40:29  INFO [Thread-0] ThreadTwo: List student have 23 student in database
05/08/2021 21:40:31  INFO [thread_1] ThreadOne: Khong co ban ghi nao trong queue
05/08/2021 21:40:32  INFO [Thread-0] ThreadTwo: List student have 41 student in student.txt
05/08/2021 21:40:32  INFO [Thread-0] ThreadTwo: List student have 23 student in database
05/08/2021 21:40:34  INFO [thread_1] ThreadOne: Khong co ban ghi nao trong queue
05/08/2021 21:40:35  INFO [Thread-0] ThreadTwo: List student have 41 student in student.txt
05/08/2021 21:40:35  INFO [Thread-0] ThreadTwo: List student have 23 student in database
05/08/2021 21:40:37  INFO [thread_1] ThreadOne: Khong co ban ghi nao trong queue
05/08/2021 21:40:38  INFO [Thread-0] ThreadTwo: List student have 41 student in student.txt
05/08/2021 21:40:38  INFO [Thread-0] ThreadTwo: List student have 23 student in database
05/08/2021 21:40:40  INFO [thread_1] ThreadOne: Khong co ban ghi nao trong queue
05/08/2021 21:40:41  INFO [Thread-0] ThreadTwo: List student have 41 student in student.txt
05/08/2021 21:40:41  INFO [Thread-0] ThreadTwo: List student have 23 student in database
05/08/2021 21:40:43  INFO [thread_1] ThreadOne: Khong co ban ghi nao trong queue
05/08/2021 21:40:44  INFO [Thread-0] ThreadTwo: List student have 41 student in student.txt
05/08/2021 21:40:44  INFO [Thread-0] ThreadTwo: List student have 23 student in database
05/08/2021 21:40:46  INFO [thread_1] ThreadOne: Khong co ban ghi nao trong queue
05/08/2021 21:40:47  INFO [Thread-0] ThreadTwo: List student have 41 student in student.txt
05/08/2021 21:40:47  INFO [Thread-0] ThreadTwo: List student have 23 student in database
05/08/2021 21:40:49  INFO [thread_1] ThreadOne: Khong co ban ghi nao trong queue
05/08/2021 21:40:50  INFO [Thread-0] ThreadTwo: List student have 41 student in student.txt
05/08/2021 21:40:50  INFO [Thread-0] ThreadTwo: List student have 23 student in database
05/08/2021 21:40:52  INFO [thread_1] ThreadOne: Khong co ban ghi nao trong queue
05/08/2021 21:40:53  INFO [Thread-0] ThreadTwo: List student have 41 student in student.txt
05/08/2021 21:40:53  INFO [Thread-0] ThreadTwo: List student have 23 student in database
05/08/2021 21:40:55  INFO [thread_1] ThreadOne: Khong co ban ghi nao trong queue
